C51 COMPILER V9.56.0.0   INTERRUPT_TIME                                                    10/17/2017 14:54:45 PAGE 1   


C51 COMPILER V9.56.0.0, COMPILATION OF MODULE INTERRUPT_TIME
OBJECT MODULE PLACED IN .\Objects\interrupt_time.obj
COMPILER INVOKED BY: C:\Keil_v5\C51\BIN\C51.EXE interrupt_time.c OPTIMIZE(8,SPEED) BROWSE DEBUG OBJECTEXTEND PRINT(.\Lis
                    -tings\interrupt_time.lst) TABS(2) OBJECT(.\Objects\interrupt_time.obj)

line level    source

   1          #include <reg52.h>
   2          sbit led1 = P1^0; //LED1.0，sbit是定义特殊功能寄存器的位变量
   3          sbit tens_seg=P2^0;//十位
   4          sbit units_seg=P2^1;//各位
   5          
   6          unsigned int num=0;
   7          unsigned int num_sec=0;
   8          unsigned int sec=0;
   9          
  10          
  11          //单片机中RAM有限，尽量把不变的数组存在ROM中，code就是起这个作用。
  12          //共阳极数码管，0为开启对应位置
  13          unsigned char code table[]={0xc0,0xf9,0xa4,0xb0,0x99,0x92,0x82,
  14                                  0xf8,0x80,0x90};
  15          
  16          void display(unsigned int sec);
  17          void delayms(unsigned int ms);
  18                                  
  19          void main(void)
  20          {
  21   1        TMOD=0x11;    //定时器0、1为工作方式1
  22   1        TH0=(65536-45872)/256;    //装初值50ms数为45872
  23   1        TL0=(65536-45872)%256;
  24   1        TH1=(65536-45872)/256;    //装初值50ms数为45872
  25   1        TL1=(65536-45872)%256;
  26   1        EA=1;   //开总中断
  27   1        ET0=1;  //定时器0中断
  28   1        ET1=1;  //定时器1中断
  29   1        TR0=1;  //启动定时器0
  30   1        TR1=1;  //启动定时器1
  31   1        
  32   1        while(1)
  33   1          display(sec);
  34   1      }
  35          
  36          void display(unsigned int sec)//显示时间函数
  37          {
  38   1        unsigned int tens,units;
  39   1        tens=sec/10;
  40   1        units=sec%10; 
  41   1        
  42   1        P0=table[tens];//显示十位
  43   1        tens_seg=0;//0为开
  44   1        delayms(1);//延时1s
  45   1        tens_seg=1;//1为关
  46   1      
  47   1        P0=table[units];//显示个位
  48   1        units_seg=0;//0为开
  49   1        delayms(1);//延时1s
  50   1        units_seg=1;//1为关
  51   1      }
  52          
  53          void delayms(unsigned int ms)//延时函数
  54          {
C51 COMPILER V9.56.0.0   INTERRUPT_TIME                                                    10/17/2017 14:54:45 PAGE 2   

  55   1        unsigned int i,j;
  56   1        for(i=0;i<ms;i++)
  57   1          for(j=0;j<110;j++);
  58   1      }
  59          
  60          
  61          void T0_time(void) interrupt 1 //定时器0实现led1以200ms闪烁。
  62          {
  63   1        TH0=(65536-45872)/256;    //装初值50ms数为45872
  64   1        TL0=(65536-45872)%256;
  65   1        num++;
  66   1        if(num==4)
  67   1        {
  68   2          num=0;
  69   2          led1=~led1;
  70   2        }
  71   1      }
  72          
  73          
  74          void T1_time(void) interrupt 3 //定时器0实现计时间
  75          {
  76   1        TH1=(65536-45872)/256;    //装初值50ms数为45872
  77   1        TL1=(65536-45872)%256;
  78   1        num_sec++;
  79   1        if(num_sec==5)
  80   1        {
  81   2          num_sec=0;
  82   2          sec++;
  83   2          if(sec==60)
  84   2            sec=0;
  85   2        }
  86   1      }
  87          
  88          


MODULE INFORMATION:   STATIC OVERLAYABLE
   CODE SIZE        =    231    ----
   CONSTANT SIZE    =     10    ----
   XDATA SIZE       =   ----    ----
   PDATA SIZE       =   ----    ----
   DATA SIZE        =      6       2
   IDATA SIZE       =   ----    ----
   BIT SIZE         =   ----    ----
END OF MODULE INFORMATION.


C51 COMPILATION COMPLETE.  0 WARNING(S),  0 ERROR(S)
