C51 COMPILER V9.56.0.0   LED_SEGMENT_DISPLAYS                                              10/17/2017 10:44:34 PAGE 1   


C51 COMPILER V9.56.0.0, COMPILATION OF MODULE LED_SEGMENT_DISPLAYS
OBJECT MODULE PLACED IN .\Objects\LED Segment Displays.obj
COMPILER INVOKED BY: C:\Keil_v5\C51\BIN\C51.EXE LED Segment Displays.c OPTIMIZE(8,SPEED) BROWSE DEBUG OBJECTEXTEND PRINT
                    -(.\Listings\LED Segment Displays.lst) TABS(2) OBJECT(.\Objects\LED Segment Displays.obj)

line level    source

   1          #include <reg52.h>
   2          sbit SegDis1=P2^0;
   3          sbit SegDis2=P2^1;
   4          sbit SegDis3=P2^2;
   5          sbit SegDis4=P2^3;
   6          
   7          void delayms(unsigned int ms);
   8          
   9          unsigned char code table[]={0xc0,0xf9,0xa4,0xb0,0x99,0x92,0x82,
  10                                  0xf8,0x80,0x90};//单片机中RAM有限，尽量把不变的数组存在ROM中，code就是起这个作用。
  11          
  12          void main(void)
  13          {
  14   1        int i;
  15   1        P2=0xf0;
  16   1        
  17   1        for(i=0;i<10;i++)
  18   1        {
  19   2          P0=table[i];
  20   2          delayms(1000);
  21   2        }
  22   1      }
  23          
  24          
  25          void delayms(unsigned int ms)//延时函数
  26          {
  27   1        unsigned int i,j;
  28   1        for(i=0;i<ms;i++)
  29   1          for(j=0;j<110;j++);
  30   1      }


MODULE INFORMATION:   STATIC OVERLAYABLE
   CODE SIZE        =     83    ----
   CONSTANT SIZE    =     10    ----
   XDATA SIZE       =   ----    ----
   PDATA SIZE       =   ----    ----
   DATA SIZE        =   ----       2
   IDATA SIZE       =   ----    ----
   BIT SIZE         =   ----    ----
END OF MODULE INFORMATION.


C51 COMPILATION COMPLETE.  0 WARNING(S),  0 ERROR(S)
