C51 COMPILER V9.56.0.0   LED_SEGMENT_DISPLAYS_DYNAMIC_SCANNING                             10/17/2017 10:56:52 PAGE 1   


C51 COMPILER V9.56.0.0, COMPILATION OF MODULE LED_SEGMENT_DISPLAYS_DYNAMIC_SCANNING
OBJECT MODULE PLACED IN .\Objects\LED Segment Displays_Dynamic scanning.obj
COMPILER INVOKED BY: C:\Keil_v5\C51\BIN\C51.EXE LED Segment Displays_Dynamic scanning.c OPTIMIZE(8,SPEED) BROWSE DEBUG O
                    -BJECTEXTEND PRINT(.\Listings\LED Segment Displays_Dynamic scanning.lst) TABS(2) OBJECT(.\Objects\LED Segment Displays_Dy
                    -namic scanning.obj)

line level    source

   1          #include <reg52.h>
   2          sbit SegDis1=P2^0;
   3          sbit SegDis2=P2^1;
   4          sbit SegDis3=P2^2;
   5          sbit SegDis4=P2^3;
   6          
   7          void delayms(unsigned int ms);
   8          
   9          
  10          //单片机中RAM有限，尽量把不变的数组存在ROM中，code就是起这个作用。
  11          //共阳极数码管，0为开启对应位置
  12          unsigned char code table[]={0xc0,0xf9,0xa4,0xb0,0x99,0x92,0x82,
  13                                  0xf8,0x80,0x90};
  14          
  15          
  16          void main(void)
  17          {
  18   1        while(1)
  19   1          {
  20   2        P0=table[1];//显示数字
  21   2        SegDis1=0;//0为开
  22   2        delayms(1);//延时1s
  23   2        SegDis1=1;//1为关
  24   2        
  25   2        P0=table[2];//显示数字
  26   2        SegDis2=0;//0为开
  27   2        delayms(1);//延时1s
  28   2        SegDis2=1;//1为关
  29   2        
  30   2        P0=table[3];//显示数字
  31   2        SegDis3=0;//0为开
  32   2        delayms(1);//延时1s
  33   2        SegDis3=1;//1为关
  34   2        
  35   2        P0=table[4];//显示数字
  36   2        SegDis4=0;//0为开
  37   2        delayms(1);//延时1s
  38   2        SegDis4=1;//1为关
  39   2          }
  40   1      
  41   1      }
  42          
  43          
  44          void delayms(unsigned int ms)//延时函数
  45          {
  46   1        unsigned int i,j;
  47   1        for(i=0;i<ms;i++)
  48   1          for(j=0;j<110;j++);
  49   1      }


MODULE INFORMATION:   STATIC OVERLAYABLE
   CODE SIZE        =     94    ----
C51 COMPILER V9.56.0.0   LED_SEGMENT_DISPLAYS_DYNAMIC_SCANNING                             10/17/2017 10:56:52 PAGE 2   

   CONSTANT SIZE    =     10    ----
   XDATA SIZE       =   ----    ----
   PDATA SIZE       =   ----    ----
   DATA SIZE        =   ----    ----
   IDATA SIZE       =   ----    ----
   BIT SIZE         =   ----    ----
END OF MODULE INFORMATION.


C51 COMPILATION COMPLETE.  0 WARNING(S),  0 ERROR(S)
