C51 COMPILER V9.56.0.0   LED_MOVE                                                          10/17/2017 09:25:21 PAGE 1   


C51 COMPILER V9.56.0.0, COMPILATION OF MODULE LED_MOVE
OBJECT MODULE PLACED IN .\Objects\led-move.obj
COMPILER INVOKED BY: C:\Keil_v5\C51\BIN\C51.EXE led-move.c OPTIMIZE(8,SPEED) BROWSE DEBUG OBJECTEXTEND PRINT(.\Listings\
                    -led-move.lst) TABS(2) OBJECT(.\Objects\led-move.obj)

line level    source

   1          #include <reg52.h>
   2          
   3          void delayms(unsigned int ms);
   4          
   5          void main(void)
   6          {
   7   1        unsigned char a= 0xfe;
   8   1        while(1){
   9   2          P1=a;
  10   2          delayms(200);//延时函数
  11   2          a=a<<1;//左移,不是循环左移
  12   2        }
  13   1      }
  14          
  15          void delayms(unsigned int ms)//延时函数
  16          {
  17   1        unsigned int i,j;
  18   1        for(i=0;i<ms;i++)
  19   1          for(j=0;j<110;j++);
  20   1      }


MODULE INFORMATION:   STATIC OVERLAYABLE
   CODE SIZE        =     53    ----
   CONSTANT SIZE    =   ----    ----
   XDATA SIZE       =   ----    ----
   PDATA SIZE       =   ----    ----
   DATA SIZE        =   ----       1
   IDATA SIZE       =   ----    ----
   BIT SIZE         =   ----    ----
END OF MODULE INFORMATION.


C51 COMPILATION COMPLETE.  0 WARNING(S),  0 ERROR(S)
