C51 COMPILER V9.56.0.0   LED_MOVE2                                                         10/17/2017 09:26:08 PAGE 1   


C51 COMPILER V9.56.0.0, COMPILATION OF MODULE LED_MOVE2
OBJECT MODULE PLACED IN .\Objects\led-move2.obj
COMPILER INVOKED BY: C:\Keil_v5\C51\BIN\C51.EXE led-move2.c OPTIMIZE(8,SPEED) BROWSE DEBUG OBJECTEXTEND PRINT(.\Listings
                    -\led-move2.lst) TABS(2) OBJECT(.\Objects\led-move2.obj)

line level    source

   1          #include <reg52.h>
   2          #include <intrins.h>//包含_crol_函数
   3          
   4          void delayms(unsigned int ms);
   5          
   6          void main(void)
   7          {
   8   1        unsigned char a= 0xfe;
   9   1        while(1){
  10   2          P1=a;
  11   2          delayms(200);//延时函数
  12   2          a=_crol_(a,1);//循环左移
  13   2        }
  14   1      }
  15          
  16          void delayms(unsigned int ms)//延时函数
  17          {
  18   1        unsigned int i,j;
  19   1        for(i=0;i<ms;i++)
  20   1          for(j=0;j<110;j++);
  21   1      }


MODULE INFORMATION:   STATIC OVERLAYABLE
   CODE SIZE        =     60    ----
   CONSTANT SIZE    =   ----    ----
   XDATA SIZE       =   ----    ----
   PDATA SIZE       =   ----    ----
   DATA SIZE        =   ----       1
   IDATA SIZE       =   ----    ----
   BIT SIZE         =   ----    ----
END OF MODULE INFORMATION.


C51 COMPILATION COMPLETE.  0 WARNING(S),  0 ERROR(S)
