C51 COMPILER V9.56.0.0   LED2                                                              10/17/2017 08:18:45 PAGE 1   


C51 COMPILER V9.56.0.0, COMPILATION OF MODULE LED2
OBJECT MODULE PLACED IN .\Objects\led2.obj
COMPILER INVOKED BY: C:\Keil_v5\C51\BIN\C51.EXE led2.c OPTIMIZE(8,SPEED) BROWSE DEBUG OBJECTEXTEND PRINT(.\Listings\led2
                    -.lst) TABS(2) OBJECT(.\Objects\led2.obj)

line level    source

   1          #include <reg52.h>
   2          
   3          int main(void)
   4          {
   5   1        P1=0xaa; //sfr，总线方式
   6   1        return 1;
   7   1      }


MODULE INFORMATION:   STATIC OVERLAYABLE
   CODE SIZE        =      8    ----
   CONSTANT SIZE    =   ----    ----
   XDATA SIZE       =   ----    ----
   PDATA SIZE       =   ----    ----
   DATA SIZE        =   ----    ----
   IDATA SIZE       =   ----    ----
   BIT SIZE         =   ----    ----
END OF MODULE INFORMATION.


C51 COMPILATION COMPLETE.  0 WARNING(S),  0 ERROR(S)
