C51 COMPILER V9.56.0.0   WHILE                                                             10/17/2017 08:29:50 PAGE 1   


C51 COMPILER V9.56.0.0, COMPILATION OF MODULE WHILE
OBJECT MODULE PLACED IN .\Objects\while.obj
COMPILER INVOKED BY: C:\Keil_v5\C51\BIN\C51.EXE while.c OPTIMIZE(8,SPEED) BROWSE DEBUG OBJECTEXTEND PRINT(.\Listings\whi
                    -le.lst) TABS(2) OBJECT(.\Objects\while.obj)

line level    source

   1          #include <reg52.h>
   2          sbit led1 = P1^0; //LED1.0，sbit是定义特殊功能寄存器的位变量
   3          
   4          int main(void)
   5          {
   6   1        int i,j;
   7   1        led1=0; //内接上拉电阻，低电平点亮
   8   1        for(i=0;i<1000;i++) //延时1s
   9   1          for(j=0;j<110;j++);
  10   1        led1=1;
  11   1        for(i=0;i<1000;i++)
  12   1          for(j=0;j<110;j++);   
  13   1        
  14   1        return 1;
  15   1      }


MODULE INFORMATION:   STATIC OVERLAYABLE
   CODE SIZE        =     65    ----
   CONSTANT SIZE    =   ----    ----
   XDATA SIZE       =   ----    ----
   PDATA SIZE       =   ----    ----
   DATA SIZE        =   ----    ----
   IDATA SIZE       =   ----    ----
   BIT SIZE         =   ----    ----
END OF MODULE INFORMATION.


C51 COMPILATION COMPLETE.  0 WARNING(S),  0 ERROR(S)
