A51 MACRO ASSEMBLER  FLASH                                                                10/12/2017 11:01:26 PAGE     1


MACRO ASSEMBLER A51 V8.2.5.0
OBJECT MODULE PLACED IN .\Objects\flash.obj
ASSEMBLER INVOKED BY: C:\Keil_v5\C51\BIN\A51.EXE flash.a51 SET(SMALL) DEBUG PRINT(.\Listings\flash.lst) OBJECT(.\Objects
                      \flash.obj) EP

LOC  OBJ            LINE     SOURCE

0000                   1                     ORG 00H

0000                   2     START:

0000 7590FF            3                     MOV P1,#0FFH

0003 110C              4                     CALL DELAY

0005 7590FE            5                     MOV P1,#0FEH

0008 110C              6                     CALL DELAY

000A 80F4              7                     JMP START

                       8                     

000C 7B32              9     DELAY:  MOV R3,#50

000E 7C14             10     D1:             MOV R4,#20

0010 7DF8             11     D2:             MOV R5,#248

0012 DDFE             12                     DJNZ R5,$

0014 DCFA             13                     DJNZ R4,D2

0016 DBF6             14                     DJNZ R3,D1

0018 22               15                     RET

                      16                     END

                                             

A51 MACRO ASSEMBLER  FLASH                                                                10/12/2017 11:01:26 PAGE     2

SYMBOL TABLE LISTING
------ ----- -------


N A M E             T Y P E  V A L U E   ATTRIBUTES

D1 . . . . . . . .  C ADDR   000EH   A   
D2 . . . . . . . .  C ADDR   0010H   A   
DELAY. . . . . . .  C ADDR   000CH   A   
P1 . . . . . . . .  D ADDR   0090H   A   
START. . . . . . .  C ADDR   0000H   A   


REGISTER BANK(S) USED: 0 


ASSEMBLY COMPLETE.  0 WARNING(S), 0 ERROR(S)
